2020-07-21 09:38:30.105  INFO 3260 --- [main] com.tao.SpringBootDemoApplication        : Starting SpringBootDemoApplication on LanTian with PID 3260 (E:\WorkSpaces\IdeaProjects\AutoInterfaceTest\AutoTest\SpringBootDemo\target\classes started by LanTian in E:\WorkSpaces\IdeaProjects\AutoInterfaceTest\AutoTest)
2020-07-21 09:38:30.120  INFO 3260 --- [main] com.tao.SpringBootDemoApplication        : No active profile set, falling back to default profiles: default
2020-07-21 09:38:30.504  INFO 3260 --- [main] ConfigServletWebServerApplicationContext : Refreshing org.springframework.boot.web.servlet.context.AnnotationConfigServletWebServerApplicationContext@4a94ee4: startup date [Tue Jul 21 09:38:30 CST 2020]; root of context hierarchy
2020-07-21 09:38:35.321  WARN 3260 --- [main] o.m.s.mapper.ClassPathMapperScanner      : No MyBatis mapper was found in '[com.tao]' package. Please check your configuration.
2020-07-21 09:38:36.346  INFO 3260 --- [main] trationDelegate$BeanPostProcessorChecker : Bean 'org.springframework.transaction.annotation.ProxyTransactionManagementConfiguration' of type [org.springframework.transaction.annotation.ProxyTransactionManagementConfiguration$$EnhancerBySpringCGLIB$$20e3bf9c] is not eligible for getting processed by all BeanPostProcessors (for example: not eligible for auto-proxying)
2020-07-21 09:38:37.016  INFO 3260 --- [main] o.s.b.w.embedded.tomcat.TomcatWebServer  : Tomcat initialized with port(s): 8888 (http)
2020-07-21 09:38:37.079  INFO 3260 --- [main] o.apache.catalina.core.StandardService   : Starting service [Tomcat]
2020-07-21 09:38:37.080  INFO 3260 --- [main] org.apache.catalina.core.StandardEngine  : Starting Servlet Engine: Apache Tomcat/8.5.34
2020-07-21 09:38:37.086  INFO 3260 --- [localhost-startStop-1] o.a.catalina.core.AprLifecycleListener   : The APR based Apache Tomcat Native library which allows optimal performance in production environments was not found on the java.library.path: [C:\Program Files\Java\jdk1.8.0_202\bin;C:\WINDOWS\Sun\Java\bin;C:\WINDOWS\system32;C:\WINDOWS;C:\Program Files (x86)\Razer\ChromaBroadcast\bin;C:\Program Files\Razer\ChromaBroadcast\bin;D:\Soft\Xshell 6\;C:\Program Files\Java\jdk1.8.0_202\bin;C:\Program Files (x86)\Common Files\Oracle\Java\javapath;C:\Windows\system32;C:\Windows;C:\Windows\System32\Wbem;C:\Windows\System32\WindowsPowerShell\v1.0\;C:\Windows\System32\OpenSSH\;C:\Program Files\Microsoft SQL Server\120\DTS\Binn\;C:\Program Files\Microsoft SQL Server\Client SDK\ODBC\110\Tools\Binn\;D:\Soft\Microsoft SQL Server2014\Microsoft SQL Server_x86\120\Tools\Binn\;C:\Program Files\Microsoft SQL Server\120\Tools\Binn\;D:\Soft\Microsoft SQL Server2014\Microsoft SQL Server_x86\120\Tools\Binn\ManagementStudio\;D:\Soft\Microsoft SQL Server2014\Microsoft SQL Server_x86\120\DTS\Binn\;D:\Soft\apache-maven-3.5.0\apache-maven-3.5.0\bin;C:\WINDOWS\system32;C:\WINDOWS;C:\WINDOWS\System32\Wbem;C:\WINDOWS\System32\WindowsPowerShell\v1.0\;C:\WINDOWS\System32\OpenSSH\;D:\Soft\nodejs\;C:\Users\LanTian\AppData\Local\Microsoft\WindowsApps;C:\Users\LanTian\AppData\Roaming\npm;C:\Program Files (x86)\NVIDIA Corporation\PhysX\Common;D:\Soft\mysql-8.0.16-winx64\bin;D:\Soft\loadRunner12\strawberry-perl\perl\bin;C:\Program Files (x86)\Google\Chrome\Application;C:\Users\LanTian\AppData\Local\Microsoft\WindowsApps;C:\Users\LanTian\AppData\Roaming\npm;D:\Soft\Bandizip\;.]
2020-07-21 09:38:37.241  INFO 3260 --- [localhost-startStop-1] o.a.c.c.C.[Tomcat].[localhost].[/]       : Initializing Spring embedded WebApplicationContext
2020-07-21 09:38:37.242  INFO 3260 --- [localhost-startStop-1] o.s.web.context.ContextLoader            : Root WebApplicationContext: initialization completed in 6738 ms
2020-07-21 09:38:37.352  INFO 3260 --- [localhost-startStop-1] o.s.b.w.servlet.ServletRegistrationBean  : Servlet dispatcherServlet mapped to [/]
2020-07-21 09:38:37.356  INFO 3260 --- [localhost-startStop-1] o.s.b.w.servlet.FilterRegistrationBean   : Mapping filter: 'characterEncodingFilter' to: [/*]
2020-07-21 09:38:37.357  INFO 3260 --- [localhost-startStop-1] o.s.b.w.servlet.FilterRegistrationBean   : Mapping filter: 'hiddenHttpMethodFilter' to: [/*]
2020-07-21 09:38:37.357  INFO 3260 --- [localhost-startStop-1] o.s.b.w.servlet.FilterRegistrationBean   : Mapping filter: 'httpPutFormContentFilter' to: [/*]
2020-07-21 09:38:37.359  INFO 3260 --- [localhost-startStop-1] o.s.b.w.servlet.FilterRegistrationBean   : Mapping filter: 'requestContextFilter' to: [/*]
2020-07-21 09:38:38.982  INFO 3260 --- [main] s.w.s.m.m.a.RequestMappingHandlerMapping : Mapped "{[/v1/getUserInfo],methods=[POST]}" onto public java.util.List<com.tao.model.User> com.tao.controller.UserManager.getUserInfo(javax.servlet.http.HttpServletRequest,com.tao.model.User)
2020-07-21 09:38:38.983  INFO 3260 --- [main] s.w.s.m.m.a.RequestMappingHandlerMapping : Mapped "{[/v1/addUser],methods=[POST]}" onto public boolean com.tao.controller.UserManager.addUser(javax.servlet.http.HttpServletRequest,com.tao.model.User)
2020-07-21 09:38:38.985  INFO 3260 --- [main] s.w.s.m.m.a.RequestMappingHandlerMapping : Mapped "{[/v1/login],methods=[POST]}" onto public java.lang.Boolean com.tao.controller.UserManager.login(javax.servlet.http.HttpServletResponse,com.tao.model.User)
2020-07-21 09:38:38.986  INFO 3260 --- [main] s.w.s.m.m.a.RequestMappingHandlerMapping : Mapped "{[/v1/updateUserInfo],methods=[POST]}" onto public int com.tao.controller.UserManager.updateUser(javax.servlet.http.HttpServletRequest,com.tao.model.User)
2020-07-21 09:38:38.990  INFO 3260 --- [main] s.w.s.m.m.a.RequestMappingHandlerMapping : Mapped "{[/v2/api-docs],methods=[GET],produces=[application/json || application/hal+json]}" onto public org.springframework.http.ResponseEntity<springfox.documentation.spring.web.json.Json> springfox.documentation.swagger2.web.Swagger2Controller.getDocumentation(java.lang.String,javax.servlet.http.HttpServletRequest)
2020-07-21 09:38:38.996  INFO 3260 --- [main] s.w.s.m.m.a.RequestMappingHandlerMapping : Mapped "{[/swagger-resources/configuration/ui]}" onto org.springframework.http.ResponseEntity<springfox.documentation.swagger.web.UiConfiguration> springfox.documentation.swagger.web.ApiResourceController.uiConfiguration()
2020-07-21 09:38:38.998  INFO 3260 --- [main] s.w.s.m.m.a.RequestMappingHandlerMapping : Mapped "{[/swagger-resources]}" onto org.springframework.http.ResponseEntity<java.util.List<springfox.documentation.swagger.web.SwaggerResource>> springfox.documentation.swagger.web.ApiResourceController.swaggerResources()
2020-07-21 09:38:38.999  INFO 3260 --- [main] s.w.s.m.m.a.RequestMappingHandlerMapping : Mapped "{[/swagger-resources/configuration/security]}" onto org.springframework.http.ResponseEntity<springfox.documentation.swagger.web.SecurityConfiguration> springfox.documentation.swagger.web.ApiResourceController.securityConfiguration()
2020-07-21 09:38:39.005  INFO 3260 --- [main] s.w.s.m.m.a.RequestMappingHandlerMapping : Mapped "{[/error]}" onto public org.springframework.http.ResponseEntity<java.util.Map<java.lang.String, java.lang.Object>> org.springframework.boot.autoconfigure.web.servlet.error.BasicErrorController.error(javax.servlet.http.HttpServletRequest)
2020-07-21 09:38:39.006  INFO 3260 --- [main] s.w.s.m.m.a.RequestMappingHandlerMapping : Mapped "{[/error],produces=[text/html]}" onto public org.springframework.web.servlet.ModelAndView org.springframework.boot.autoconfigure.web.servlet.error.BasicErrorController.errorHtml(javax.servlet.http.HttpServletRequest,javax.servlet.http.HttpServletResponse)
2020-07-21 09:38:39.367  INFO 3260 --- [main] o.s.w.s.handler.SimpleUrlHandlerMapping  : Mapped URL path [/**/favicon.ico] onto handler of type [class org.springframework.web.servlet.resource.ResourceHttpRequestHandler]
2020-07-21 09:38:39.750  INFO 3260 --- [main] s.w.s.m.m.a.RequestMappingHandlerAdapter : Looking for @ControllerAdvice: org.springframework.boot.web.servlet.context.AnnotationConfigServletWebServerApplicationContext@4a94ee4: startup date [Tue Jul 21 09:38:30 CST 2020]; root of context hierarchy
2020-07-21 09:38:39.854  INFO 3260 --- [main] o.s.w.s.handler.SimpleUrlHandlerMapping  : Mapped URL path [/webjars/**] onto handler of type [class org.springframework.web.servlet.resource.ResourceHttpRequestHandler]
2020-07-21 09:38:39.855  INFO 3260 --- [main] o.s.w.s.handler.SimpleUrlHandlerMapping  : Mapped URL path [/**] onto handler of type [class org.springframework.web.servlet.resource.ResourceHttpRequestHandler]
2020-07-21 09:38:40.235  INFO 3260 --- [main] o.s.j.e.a.AnnotationMBeanExporter        : Registering beans for JMX exposure on startup
2020-07-21 09:38:40.239  INFO 3260 --- [main] o.s.j.e.a.AnnotationMBeanExporter        : Bean with name 'dataSource' has been autodetected for JMX exposure
2020-07-21 09:38:40.250  INFO 3260 --- [main] o.s.j.e.a.AnnotationMBeanExporter        : Located MBean 'dataSource': registering with JMX server as MBean [com.zaxxer.hikari:name=dataSource,type=HikariDataSource]
2020-07-21 09:38:40.266  INFO 3260 --- [main] o.s.c.support.DefaultLifecycleProcessor  : Starting beans in phase 2147483647
2020-07-21 09:38:40.267  INFO 3260 --- [main] d.s.w.p.DocumentationPluginsBootstrapper : Context refreshed
2020-07-21 09:38:40.352  INFO 3260 --- [main] d.s.w.p.DocumentationPluginsBootstrapper : Found 1 custom documentation plugin(s)
2020-07-21 09:38:40.403  INFO 3260 --- [main] s.d.s.w.s.ApiListingReferenceScanner     : Scanning for api listing references
2020-07-21 09:38:41.127  INFO 3260 --- [main] o.s.b.w.embedded.tomcat.TomcatWebServer  : Tomcat started on port(s): 8888 (http) with context path ''
2020-07-21 09:38:41.135  INFO 3260 --- [main] com.tao.SpringBootDemoApplication        : Started SpringBootDemoApplication in 12.887 seconds (JVM running for 16.811)
2020-07-21 09:41:26.855  INFO 3260 --- [http-nio-8888-exec-10] o.a.c.c.C.[Tomcat].[localhost].[/]       : Initializing Spring FrameworkServlet 'dispatcherServlet'
2020-07-21 09:41:26.855  INFO 3260 --- [http-nio-8888-exec-10] o.s.web.servlet.DispatcherServlet        : FrameworkServlet 'dispatcherServlet': initialization started
2020-07-21 09:41:26.905  INFO 3260 --- [http-nio-8888-exec-10] o.s.web.servlet.DispatcherServlet        : FrameworkServlet 'dispatcherServlet': initialization completed in 50 ms
2020-07-21 09:41:27.103  INFO 3260 --- [http-nio-8888-exec-10] com.zaxxer.hikari.HikariDataSource       : HikariPool-1 - Starting...
2020-07-21 09:41:27.989  INFO 3260 --- [http-nio-8888-exec-10] com.zaxxer.hikari.HikariDataSource       : HikariPool-1 - Start completed.
2020-07-21 09:43:58.111  INFO 4084 --- [main] com.tao.SpringBootDemoApplication        : Starting SpringBootDemoApplication on LanTian with PID 4084 (E:\WorkSpaces\IdeaProjects\AutoInterfaceTest\AutoTest\SpringBootDemo\target\classes started by LanTian in E:\WorkSpaces\IdeaProjects\AutoInterfaceTest\AutoTest)
2020-07-21 09:43:58.115  INFO 4084 --- [main] com.tao.SpringBootDemoApplication        : No active profile set, falling back to default profiles: default
2020-07-21 09:43:58.170  INFO 4084 --- [main] ConfigServletWebServerApplicationContext : Refreshing org.springframework.boot.web.servlet.context.AnnotationConfigServletWebServerApplicationContext@460ebd80: startup date [Tue Jul 21 09:43:58 CST 2020]; root of context hierarchy
2020-07-21 09:43:59.005  WARN 4084 --- [main] o.m.s.mapper.ClassPathMapperScanner      : No MyBatis mapper was found in '[com.tao]' package. Please check your configuration.
2020-07-21 09:43:59.371  INFO 4084 --- [main] trationDelegate$BeanPostProcessorChecker : Bean 'org.springframework.transaction.annotation.ProxyTransactionManagementConfiguration' of type [org.springframework.transaction.annotation.ProxyTransactionManagementConfiguration$$EnhancerBySpringCGLIB$$ae6ccb20] is not eligible for getting processed by all BeanPostProcessors (for example: not eligible for auto-proxying)
2020-07-21 09:43:59.806  INFO 4084 --- [main] o.s.b.w.embedded.tomcat.TomcatWebServer  : Tomcat initialized with port(s): 8888 (http)
2020-07-21 09:43:59.830  INFO 4084 --- [main] o.apache.catalina.core.StandardService   : Starting service [Tomcat]
2020-07-21 09:43:59.830  INFO 4084 --- [main] org.apache.catalina.core.StandardEngine  : Starting Servlet Engine: Apache Tomcat/8.5.34
2020-07-21 09:43:59.836  INFO 4084 --- [localhost-startStop-1] o.a.catalina.core.AprLifecycleListener   : The APR based Apache Tomcat Native library which allows optimal performance in production environments was not found on the java.library.path: [C:\Program Files\Java\jdk1.8.0_202\bin;C:\WINDOWS\Sun\Java\bin;C:\WINDOWS\system32;C:\WINDOWS;C:\Program Files (x86)\Razer\ChromaBroadcast\bin;C:\Program Files\Razer\ChromaBroadcast\bin;D:\Soft\Xshell 6\;C:\Program Files\Java\jdk1.8.0_202\bin;C:\Program Files (x86)\Common Files\Oracle\Java\javapath;C:\Windows\system32;C:\Windows;C:\Windows\System32\Wbem;C:\Windows\System32\WindowsPowerShell\v1.0\;C:\Windows\System32\OpenSSH\;C:\Program Files\Microsoft SQL Server\120\DTS\Binn\;C:\Program Files\Microsoft SQL Server\Client SDK\ODBC\110\Tools\Binn\;D:\Soft\Microsoft SQL Server2014\Microsoft SQL Server_x86\120\Tools\Binn\;C:\Program Files\Microsoft SQL Server\120\Tools\Binn\;D:\Soft\Microsoft SQL Server2014\Microsoft SQL Server_x86\120\Tools\Binn\ManagementStudio\;D:\Soft\Microsoft SQL Server2014\Microsoft SQL Server_x86\120\DTS\Binn\;D:\Soft\apache-maven-3.5.0\apache-maven-3.5.0\bin;C:\WINDOWS\system32;C:\WINDOWS;C:\WINDOWS\System32\Wbem;C:\WINDOWS\System32\WindowsPowerShell\v1.0\;C:\WINDOWS\System32\OpenSSH\;D:\Soft\nodejs\;C:\Users\LanTian\AppData\Local\Microsoft\WindowsApps;C:\Users\LanTian\AppData\Roaming\npm;C:\Program Files (x86)\NVIDIA Corporation\PhysX\Common;D:\Soft\mysql-8.0.16-winx64\bin;D:\Soft\loadRunner12\strawberry-perl\perl\bin;C:\Program Files (x86)\Google\Chrome\Application;C:\Users\LanTian\AppData\Local\Microsoft\WindowsApps;C:\Users\LanTian\AppData\Roaming\npm;D:\Soft\Bandizip\;.]
2020-07-21 09:43:59.960  INFO 4084 --- [localhost-startStop-1] o.a.c.c.C.[Tomcat].[localhost].[/]       : Initializing Spring embedded WebApplicationContext
2020-07-21 09:43:59.960  INFO 4084 --- [localhost-startStop-1] o.s.web.context.ContextLoader            : Root WebApplicationContext: initialization completed in 1790 ms
2020-07-21 09:44:00.083  INFO 4084 --- [localhost-startStop-1] o.s.b.w.servlet.ServletRegistrationBean  : Servlet dispatcherServlet mapped to [/]
2020-07-21 09:44:00.090  INFO 4084 --- [localhost-startStop-1] o.s.b.w.servlet.FilterRegistrationBean   : Mapping filter: 'characterEncodingFilter' to: [/*]
2020-07-21 09:44:00.090  INFO 4084 --- [localhost-startStop-1] o.s.b.w.servlet.FilterRegistrationBean   : Mapping filter: 'hiddenHttpMethodFilter' to: [/*]
2020-07-21 09:44:00.090  INFO 4084 --- [localhost-startStop-1] o.s.b.w.servlet.FilterRegistrationBean   : Mapping filter: 'httpPutFormContentFilter' to: [/*]
2020-07-21 09:44:00.091  INFO 4084 --- [localhost-startStop-1] o.s.b.w.servlet.FilterRegistrationBean   : Mapping filter: 'requestContextFilter' to: [/*]
2020-07-21 09:44:01.148  INFO 4084 --- [main] s.w.s.m.m.a.RequestMappingHandlerMapping : Mapped "{[/v1/getUserInfo],methods=[POST]}" onto public java.util.List<com.tao.model.User> com.tao.controller.UserManager.getUserInfo(javax.servlet.http.HttpServletRequest,com.tao.model.User)
2020-07-21 09:44:01.149  INFO 4084 --- [main] s.w.s.m.m.a.RequestMappingHandlerMapping : Mapped "{[/v1/addUser],methods=[POST]}" onto public boolean com.tao.controller.UserManager.addUser(javax.servlet.http.HttpServletRequest,com.tao.model.User)
2020-07-21 09:44:01.150  INFO 4084 --- [main] s.w.s.m.m.a.RequestMappingHandlerMapping : Mapped "{[/v1/login],methods=[POST]}" onto public java.lang.Boolean com.tao.controller.UserManager.login(javax.servlet.http.HttpServletResponse,com.tao.model.User)
2020-07-21 09:44:01.150  INFO 4084 --- [main] s.w.s.m.m.a.RequestMappingHandlerMapping : Mapped "{[/v1/updateUserInfo],methods=[POST]}" onto public int com.tao.controller.UserManager.updateUser(javax.servlet.http.HttpServletRequest,com.tao.model.User)
2020-07-21 09:44:01.152  INFO 4084 --- [main] s.w.s.m.m.a.RequestMappingHandlerMapping : Mapped "{[/v2/api-docs],methods=[GET],produces=[application/json || application/hal+json]}" onto public org.springframework.http.ResponseEntity<springfox.documentation.spring.web.json.Json> springfox.documentation.swagger2.web.Swagger2Controller.getDocumentation(java.lang.String,javax.servlet.http.HttpServletRequest)
2020-07-21 09:44:01.157  INFO 4084 --- [main] s.w.s.m.m.a.RequestMappingHandlerMapping : Mapped "{[/swagger-resources]}" onto org.springframework.http.ResponseEntity<java.util.List<springfox.documentation.swagger.web.SwaggerResource>> springfox.documentation.swagger.web.ApiResourceController.swaggerResources()
2020-07-21 09:44:01.157  INFO 4084 --- [main] s.w.s.m.m.a.RequestMappingHandlerMapping : Mapped "{[/swagger-resources/configuration/ui]}" onto org.springframework.http.ResponseEntity<springfox.documentation.swagger.web.UiConfiguration> springfox.documentation.swagger.web.ApiResourceController.uiConfiguration()
2020-07-21 09:44:01.158  INFO 4084 --- [main] s.w.s.m.m.a.RequestMappingHandlerMapping : Mapped "{[/swagger-resources/configuration/security]}" onto org.springframework.http.ResponseEntity<springfox.documentation.swagger.web.SecurityConfiguration> springfox.documentation.swagger.web.ApiResourceController.securityConfiguration()
2020-07-21 09:44:01.165  INFO 4084 --- [main] s.w.s.m.m.a.RequestMappingHandlerMapping : Mapped "{[/error]}" onto public org.springframework.http.ResponseEntity<java.util.Map<java.lang.String, java.lang.Object>> org.springframework.boot.autoconfigure.web.servlet.error.BasicErrorController.error(javax.servlet.http.HttpServletRequest)
2020-07-21 09:44:01.165  INFO 4084 --- [main] s.w.s.m.m.a.RequestMappingHandlerMapping : Mapped "{[/error],produces=[text/html]}" onto public org.springframework.web.servlet.ModelAndView org.springframework.boot.autoconfigure.web.servlet.error.BasicErrorController.errorHtml(javax.servlet.http.HttpServletRequest,javax.servlet.http.HttpServletResponse)
2020-07-21 09:44:01.400  INFO 4084 --- [main] o.s.w.s.handler.SimpleUrlHandlerMapping  : Mapped URL path [/**/favicon.ico] onto handler of type [class org.springframework.web.servlet.resource.ResourceHttpRequestHandler]
2020-07-21 09:44:01.601  INFO 4084 --- [main] s.w.s.m.m.a.RequestMappingHandlerAdapter : Looking for @ControllerAdvice: org.springframework.boot.web.servlet.context.AnnotationConfigServletWebServerApplicationContext@460ebd80: startup date [Tue Jul 21 09:43:58 CST 2020]; root of context hierarchy
2020-07-21 09:44:01.688  INFO 4084 --- [main] o.s.w.s.handler.SimpleUrlHandlerMapping  : Mapped URL path [/webjars/**] onto handler of type [class org.springframework.web.servlet.resource.ResourceHttpRequestHandler]
2020-07-21 09:44:01.689  INFO 4084 --- [main] o.s.w.s.handler.SimpleUrlHandlerMapping  : Mapped URL path [/**] onto handler of type [class org.springframework.web.servlet.resource.ResourceHttpRequestHandler]
2020-07-21 09:44:02.111  INFO 4084 --- [main] o.s.j.e.a.AnnotationMBeanExporter        : Registering beans for JMX exposure on startup
2020-07-21 09:44:02.114  INFO 4084 --- [main] o.s.j.e.a.AnnotationMBeanExporter        : Bean with name 'dataSource' has been autodetected for JMX exposure
2020-07-21 09:44:02.123  INFO 4084 --- [main] o.s.j.e.a.AnnotationMBeanExporter        : Located MBean 'dataSource': registering with JMX server as MBean [com.zaxxer.hikari:name=dataSource,type=HikariDataSource]
2020-07-21 09:44:02.130  INFO 4084 --- [main] o.s.c.support.DefaultLifecycleProcessor  : Starting beans in phase 2147483647
2020-07-21 09:44:02.131  INFO 4084 --- [main] d.s.w.p.DocumentationPluginsBootstrapper : Context refreshed
2020-07-21 09:44:02.156  INFO 4084 --- [main] d.s.w.p.DocumentationPluginsBootstrapper : Found 1 custom documentation plugin(s)
2020-07-21 09:44:02.181  INFO 4084 --- [main] s.d.s.w.s.ApiListingReferenceScanner     : Scanning for api listing references
2020-07-21 09:44:02.534  INFO 4084 --- [main] o.s.b.w.embedded.tomcat.TomcatWebServer  : Tomcat started on port(s): 8888 (http) with context path ''
2020-07-21 09:44:02.541  INFO 4084 --- [main] com.tao.SpringBootDemoApplication        : Started SpringBootDemoApplication in 5.04 seconds (JVM running for 7.897)
2020-07-21 09:44:37.799  INFO 4084 --- [http-nio-8888-exec-3] o.a.c.c.C.[Tomcat].[localhost].[/]       : Initializing Spring FrameworkServlet 'dispatcherServlet'
2020-07-21 09:44:37.800  INFO 4084 --- [http-nio-8888-exec-3] o.s.web.servlet.DispatcherServlet        : FrameworkServlet 'dispatcherServlet': initialization started
2020-07-21 09:44:37.845  INFO 4084 --- [http-nio-8888-exec-3] o.s.web.servlet.DispatcherServlet        : FrameworkServlet 'dispatcherServlet': initialization completed in 45 ms
2020-07-21 09:44:48.125  INFO 4084 --- [http-nio-8888-exec-3] com.zaxxer.hikari.HikariDataSource       : HikariPool-1 - Starting...
2020-07-21 09:44:49.063  INFO 4084 --- [http-nio-8888-exec-3] com.zaxxer.hikari.HikariDataSource       : HikariPool-1 - Start completed.
2020-07-21 10:46:24.634  INFO 4084 --- [http-nio-8888-exec-10] o.s.b.f.xml.XmlBeanDefinitionReader      : Loading XML bean definitions from class path resource [org/springframework/jdbc/support/sql-error-codes.xml]
2020-07-21 10:46:24.788 ERROR 4084 --- [http-nio-8888-exec-10] o.a.c.c.C.[.[.[/].[dispatcherServlet]    : Servlet.service() for servlet [dispatcherServlet] in context with path [] threw exception [Request processing failed; nested exception is org.springframework.jdbc.BadSqlGrammarException: 
### Error updating database.  Cause: java.sql.SQLSyntaxErrorException: You have an error in your SQL syntax; check the manual that corresponds to your MySQL server version for the right syntax to use near 'where id = 8' at line 3
### The error may involve com.tao.updateUserInfo-Inline
### The error occurred while setting parameters
### SQL: update user                    where id = ?
### Cause: java.sql.SQLSyntaxErrorException: You have an error in your SQL syntax; check the manual that corresponds to your MySQL server version for the right syntax to use near 'where id = 8' at line 3
; bad SQL grammar []; nested exception is java.sql.SQLSyntaxErrorException: You have an error in your SQL syntax; check the manual that corresponds to your MySQL server version for the right syntax to use near 'where id = 8' at line 3] with root cause

java.sql.SQLSyntaxErrorException: You have an error in your SQL syntax; check the manual that corresponds to your MySQL server version for the right syntax to use near 'where id = 8' at line 3
	at com.mysql.cj.jdbc.exceptions.SQLError.createSQLException(SQLError.java:120) ~[mysql-connector-java-8.0.15.jar:8.0.15]
	at com.mysql.cj.jdbc.exceptions.SQLError.createSQLException(SQLError.java:97) ~[mysql-connector-java-8.0.15.jar:8.0.15]
	at com.mysql.cj.jdbc.exceptions.SQLExceptionsMapping.translateException(SQLExceptionsMapping.java:122) ~[mysql-connector-java-8.0.15.jar:8.0.15]
	at com.mysql.cj.jdbc.ClientPreparedStatement.executeInternal(ClientPreparedStatement.java:970) ~[mysql-connector-java-8.0.15.jar:8.0.15]
	at com.mysql.cj.jdbc.ClientPreparedStatement.execute(ClientPreparedStatement.java:387) ~[mysql-connector-java-8.0.15.jar:8.0.15]
	at com.zaxxer.hikari.pool.ProxyPreparedStatement.execute(ProxyPreparedStatement.java:44) ~[HikariCP-2.7.9.jar:na]
	at com.zaxxer.hikari.pool.HikariProxyPreparedStatement.execute(HikariProxyPreparedStatement.java) ~[HikariCP-2.7.9.jar:na]
	at org.apache.ibatis.executor.statement.PreparedStatementHandler.update(PreparedStatementHandler.java:46) ~[mybatis-3.4.6.jar:3.4.6]
	at org.apache.ibatis.executor.statement.RoutingStatementHandler.update(RoutingStatementHandler.java:74) ~[mybatis-3.4.6.jar:3.4.6]
	at org.apache.ibatis.executor.SimpleExecutor.doUpdate(SimpleExecutor.java:50) ~[mybatis-3.4.6.jar:3.4.6]
	at org.apache.ibatis.executor.BaseExecutor.update(BaseExecutor.java:117) ~[mybatis-3.4.6.jar:3.4.6]
	at org.apache.ibatis.executor.CachingExecutor.update(CachingExecutor.java:76) ~[mybatis-3.4.6.jar:3.4.6]
	at org.apache.ibatis.session.defaults.DefaultSqlSession.update(DefaultSqlSession.java:198) ~[mybatis-3.4.6.jar:3.4.6]
	at sun.reflect.NativeMethodAccessorImpl.invoke0(Native Method) ~[na:1.8.0_202]
	at sun.reflect.NativeMethodAccessorImpl.invoke(NativeMethodAccessorImpl.java:62) ~[na:1.8.0_202]
	at sun.reflect.DelegatingMethodAccessorImpl.invoke(DelegatingMethodAccessorImpl.java:43) ~[na:1.8.0_202]
	at java.lang.reflect.Method.invoke(Method.java:498) ~[na:1.8.0_202]
	at org.mybatis.spring.SqlSessionTemplate$SqlSessionInterceptor.invoke(SqlSessionTemplate.java:433) ~[mybatis-spring-1.3.1.jar:1.3.1]
	at com.sun.proxy.$Proxy67.update(Unknown Source) ~[na:na]
	at org.mybatis.spring.SqlSessionTemplate.update(SqlSessionTemplate.java:294) ~[mybatis-spring-1.3.1.jar:1.3.1]
	at com.tao.controller.UserManager.updateUser(UserManager.java:93) ~[classes/:na]
	at sun.reflect.NativeMethodAccessorImpl.invoke0(Native Method) ~[na:1.8.0_202]
	at sun.reflect.NativeMethodAccessorImpl.invoke(NativeMethodAccessorImpl.java:62) ~[na:1.8.0_202]
	at sun.reflect.DelegatingMethodAccessorImpl.invoke(DelegatingMethodAccessorImpl.java:43) ~[na:1.8.0_202]
	at java.lang.reflect.Method.invoke(Method.java:498) ~[na:1.8.0_202]
	at org.springframework.web.method.support.InvocableHandlerMethod.doInvoke(InvocableHandlerMethod.java:209) ~[spring-web-5.0.10.RELEASE.jar:5.0.10.RELEASE]
	at org.springframework.web.method.support.InvocableHandlerMethod.invokeForRequest(InvocableHandlerMethod.java:136) ~[spring-web-5.0.10.RELEASE.jar:5.0.10.RELEASE]
	at org.springframework.web.servlet.mvc.method.annotation.ServletInvocableHandlerMethod.invokeAndHandle(ServletInvocableHandlerMethod.java:102) ~[spring-webmvc-5.0.10.RELEASE.jar:5.0.10.RELEASE]
	at org.springframework.web.servlet.mvc.method.annotation.RequestMappingHandlerAdapter.invokeHandlerMethod(RequestMappingHandlerAdapter.java:891) ~[spring-webmvc-5.0.10.RELEASE.jar:5.0.10.RELEASE]
	at org.springframework.web.servlet.mvc.method.annotation.RequestMappingHandlerAdapter.handleInternal(RequestMappingHandlerAdapter.java:797) ~[spring-webmvc-5.0.10.RELEASE.jar:5.0.10.RELEASE]
	at org.springframework.web.servlet.mvc.method.AbstractHandlerMethodAdapter.handle(AbstractHandlerMethodAdapter.java:87) ~[spring-webmvc-5.0.10.RELEASE.jar:5.0.10.RELEASE]
	at org.springframework.web.servlet.DispatcherServlet.doDispatch(DispatcherServlet.java:991) ~[spring-webmvc-5.0.10.RELEASE.jar:5.0.10.RELEASE]
	at org.springframework.web.servlet.DispatcherServlet.doService(DispatcherServlet.java:925) ~[spring-webmvc-5.0.10.RELEASE.jar:5.0.10.RELEASE]
	at org.springframework.web.servlet.FrameworkServlet.processRequest(FrameworkServlet.java:974) ~[spring-webmvc-5.0.10.RELEASE.jar:5.0.10.RELEASE]
	at org.springframework.web.servlet.FrameworkServlet.doPost(FrameworkServlet.java:877) ~[spring-webmvc-5.0.10.RELEASE.jar:5.0.10.RELEASE]
	at javax.servlet.http.HttpServlet.service(HttpServlet.java:661) ~[tomcat-embed-core-8.5.34.jar:8.5.34]
	at org.springframework.web.servlet.FrameworkServlet.service(FrameworkServlet.java:851) ~[spring-webmvc-5.0.10.RELEASE.jar:5.0.10.RELEASE]
	at javax.servlet.http.HttpServlet.service(HttpServlet.java:742) ~[tomcat-embed-core-8.5.34.jar:8.5.34]
	at org.apache.catalina.core.ApplicationFilterChain.internalDoFilter(ApplicationFilterChain.java:231) ~[tomcat-embed-core-8.5.34.jar:8.5.34]
	at org.apache.catalina.core.ApplicationFilterChain.doFilter(ApplicationFilterChain.java:166) ~[tomcat-embed-core-8.5.34.jar:8.5.34]
	at org.apache.tomcat.websocket.server.WsFilter.doFilter(WsFilter.java:52) ~[tomcat-embed-websocket-8.5.34.jar:8.5.34]
	at org.apache.catalina.core.ApplicationFilterChain.internalDoFilter(ApplicationFilterChain.java:193) ~[tomcat-embed-core-8.5.34.jar:8.5.34]
	at org.apache.catalina.core.ApplicationFilterChain.doFilter(ApplicationFilterChain.java:166) ~[tomcat-embed-core-8.5.34.jar:8.5.34]
	at org.springframework.web.filter.RequestContextFilter.doFilterInternal(RequestContextFilter.java:99) ~[spring-web-5.0.10.RELEASE.jar:5.0.10.RELEASE]
	at org.springframework.web.filter.OncePerRequestFilter.doFilter(OncePerRequestFilter.java:107) ~[spring-web-5.0.10.RELEASE.jar:5.0.10.RELEASE]
	at org.apache.catalina.core.ApplicationFilterChain.internalDoFilter(ApplicationFilterChain.java:193) ~[tomcat-embed-core-8.5.34.jar:8.5.34]
	at org.apache.catalina.core.ApplicationFilterChain.doFilter(ApplicationFilterChain.java:166) ~[tomcat-embed-core-8.5.34.jar:8.5.34]
	at org.springframework.web.filter.HttpPutFormContentFilter.doFilterInternal(HttpPutFormContentFilter.java:109) ~[spring-web-5.0.10.RELEASE.jar:5.0.10.RELEASE]
	at org.springframework.web.filter.OncePerRequestFilter.doFilter(OncePerRequestFilter.java:107) ~[spring-web-5.0.10.RELEASE.jar:5.0.10.RELEASE]
	at org.apache.catalina.core.ApplicationFilterChain.internalDoFilter(ApplicationFilterChain.java:193) ~[tomcat-embed-core-8.5.34.jar:8.5.34]
	at org.apache.catalina.core.ApplicationFilterChain.doFilter(ApplicationFilterChain.java:166) ~[tomcat-embed-core-8.5.34.jar:8.5.34]
	at org.springframework.web.filter.HiddenHttpMethodFilter.doFilterInternal(HiddenHttpMethodFilter.java:93) ~[spring-web-5.0.10.RELEASE.jar:5.0.10.RELEASE]
	at org.springframework.web.filter.OncePerRequestFilter.doFilter(OncePerRequestFilter.java:107) ~[spring-web-5.0.10.RELEASE.jar:5.0.10.RELEASE]
	at org.apache.catalina.core.ApplicationFilterChain.internalDoFilter(ApplicationFilterChain.java:193) ~[tomcat-embed-core-8.5.34.jar:8.5.34]
	at org.apache.catalina.core.ApplicationFilterChain.doFilter(ApplicationFilterChain.java:166) ~[tomcat-embed-core-8.5.34.jar:8.5.34]
	at org.springframework.web.filter.CharacterEncodingFilter.doFilterInternal(CharacterEncodingFilter.java:200) ~[spring-web-5.0.10.RELEASE.jar:5.0.10.RELEASE]
	at org.springframework.web.filter.OncePerRequestFilter.doFilter(OncePerRequestFilter.java:107) ~[spring-web-5.0.10.RELEASE.jar:5.0.10.RELEASE]
	at org.apache.catalina.core.ApplicationFilterChain.internalDoFilter(ApplicationFilterChain.java:193) ~[tomcat-embed-core-8.5.34.jar:8.5.34]
	at org.apache.catalina.core.ApplicationFilterChain.doFilter(ApplicationFilterChain.java:166) ~[tomcat-embed-core-8.5.34.jar:8.5.34]
	at org.apache.catalina.core.StandardWrapperValve.invoke(StandardWrapperValve.java:198) ~[tomcat-embed-core-8.5.34.jar:8.5.34]
	at org.apache.catalina.core.StandardContextValve.invoke(StandardContextValve.java:96) [tomcat-embed-core-8.5.34.jar:8.5.34]
	at org.apache.catalina.authenticator.AuthenticatorBase.invoke(AuthenticatorBase.java:493) [tomcat-embed-core-8.5.34.jar:8.5.34]
	at org.apache.catalina.core.StandardHostValve.invoke(StandardHostValve.java:140) [tomcat-embed-core-8.5.34.jar:8.5.34]
	at org.apache.catalina.valves.ErrorReportValve.invoke(ErrorReportValve.java:81) [tomcat-embed-core-8.5.34.jar:8.5.34]
	at org.apache.catalina.core.StandardEngineValve.invoke(StandardEngineValve.java:87) [tomcat-embed-core-8.5.34.jar:8.5.34]
	at org.apache.catalina.connector.CoyoteAdapter.service(CoyoteAdapter.java:342) [tomcat-embed-core-8.5.34.jar:8.5.34]
	at org.apache.coyote.http11.Http11Processor.service(Http11Processor.java:800) [tomcat-embed-core-8.5.34.jar:8.5.34]
	at org.apache.coyote.AbstractProcessorLight.process(AbstractProcessorLight.java:66) [tomcat-embed-core-8.5.34.jar:8.5.34]
	at org.apache.coyote.AbstractProtocol$ConnectionHandler.process(AbstractProtocol.java:806) [tomcat-embed-core-8.5.34.jar:8.5.34]
	at org.apache.tomcat.util.net.NioEndpoint$SocketProcessor.doRun(NioEndpoint.java:1498) [tomcat-embed-core-8.5.34.jar:8.5.34]
	at org.apache.tomcat.util.net.SocketProcessorBase.run(SocketProcessorBase.java:49) [tomcat-embed-core-8.5.34.jar:8.5.34]
	at java.util.concurrent.ThreadPoolExecutor.runWorker(ThreadPoolExecutor.java:1149) [na:1.8.0_202]
	at java.util.concurrent.ThreadPoolExecutor$Worker.run(ThreadPoolExecutor.java:624) [na:1.8.0_202]
	at org.apache.tomcat.util.threads.TaskThread$WrappingRunnable.run(TaskThread.java:61) [tomcat-embed-core-8.5.34.jar:8.5.34]
	at java.lang.Thread.run(Thread.java:748) [na:1.8.0_202]

2020-07-21 12:50:04.337  INFO 4084 --- [Thread-13] ConfigServletWebServerApplicationContext : Closing org.springframework.boot.web.servlet.context.AnnotationConfigServletWebServerApplicationContext@460ebd80: startup date [Tue Jul 21 09:43:58 CST 2020]; root of context hierarchy
2020-07-21 12:50:04.399  INFO 4084 --- [Thread-13] o.s.c.support.DefaultLifecycleProcessor  : Stopping beans in phase 2147483647
2020-07-21 12:50:04.403  INFO 4084 --- [Thread-13] o.s.j.e.a.AnnotationMBeanExporter        : Unregistering JMX-exposed beans on shutdown
2020-07-21 12:50:04.404  INFO 4084 --- [Thread-13] o.s.j.e.a.AnnotationMBeanExporter        : Unregistering JMX-exposed beans
2020-07-21 12:50:04.409  INFO 4084 --- [Thread-13] com.zaxxer.hikari.HikariDataSource       : HikariPool-1 - Shutdown initiated...
2020-07-21 12:50:04.420  INFO 4084 --- [Thread-13] com.zaxxer.hikari.HikariDataSource       : HikariPool-1 - Shutdown completed.
