2020-07-21 12:49:05.032  INFO 16528 --- [main] com.tao.SpringBootDemoApplication        : Starting SpringBootDemoApplication v1.0-SNAPSHOT on LanTian with PID 16528 (E:\WorkSpaces\IdeaProjects\AutoInterfaceTest\AutoTest\SpringBootDemo\target\SpringBootDemo-1.0-SNAPSHOT.jar started by LanTian in E:\WorkSpaces\IdeaProjects\AutoInterfaceTest\AutoTest\SpringBootDemo\target)
2020-07-21 12:49:05.042  INFO 16528 --- [main] com.tao.SpringBootDemoApplication        : No active profile set, falling back to default profiles: default
2020-07-21 12:49:05.142  INFO 16528 --- [main] ConfigServletWebServerApplicationContext : Refreshing org.springframework.boot.web.servlet.context.AnnotationConfigServletWebServerApplicationContext@6aceb1a5: startup date [Tue Jul 21 12:49:05 CST 2020]; root of context hierarchy
2020-07-21 12:49:06.477  WARN 16528 --- [main] o.m.s.mapper.ClassPathMapperScanner      : No MyBatis mapper was found in '[com.tao]' package. Please check your configuration.
2020-07-21 12:49:06.999  INFO 16528 --- [main] trationDelegate$BeanPostProcessorChecker : Bean 'org.springframework.transaction.annotation.ProxyTransactionManagementConfiguration' of type [org.springframework.transaction.annotation.ProxyTransactionManagementConfiguration$$EnhancerBySpringCGLIB$$6697e15b] is not eligible for getting processed by all BeanPostProcessors (for example: not eligible for auto-proxying)
2020-07-21 12:49:08.190  INFO 16528 --- [main] o.s.b.w.embedded.tomcat.TomcatWebServer  : Tomcat initialized with port(s): 8888 (http)
2020-07-21 12:49:08.250  INFO 16528 --- [main] o.apache.catalina.core.StandardService   : Starting service [Tomcat]
2020-07-21 12:49:08.251  INFO 16528 --- [main] org.apache.catalina.core.StandardEngine  : Starting Servlet Engine: Apache Tomcat/8.5.34
2020-07-21 12:49:08.271  INFO 16528 --- [localhost-startStop-1] o.a.catalina.core.AprLifecycleListener   : The APR based Apache Tomcat Native library which allows optimal performance in production environments was not found on the java.library.path: [C:\Program Files\Java\jdk1.8.0_202\bin;C:\WINDOWS\Sun\Java\bin;C:\WINDOWS\system32;C:\WINDOWS;C:\Program Files (x86)\Razer\ChromaBroadcast\bin;C:\Program Files\Razer\ChromaBroadcast\bin;D:\Soft\Xshell 6\;C:\Program Files\Java\jdk1.8.0_202\bin;C:\Program Files (x86)\Common Files\Oracle\Java\javapath;C:\Windows\system32;C:\Windows;C:\Windows\System32\Wbem;C:\Windows\System32\WindowsPowerShell\v1.0\;C:\Windows\System32\OpenSSH\;C:\Program Files\Microsoft SQL Server\120\DTS\Binn\;C:\Program Files\Microsoft SQL Server\Client SDK\ODBC\110\Tools\Binn\;D:\Soft\Microsoft SQL Server2014\Microsoft SQL Server_x86\120\Tools\Binn\;C:\Program Files\Microsoft SQL Server\120\Tools\Binn\;D:\Soft\Microsoft SQL Server2014\Microsoft SQL Server_x86\120\Tools\Binn\ManagementStudio\;D:\Soft\Microsoft SQL Server2014\Microsoft SQL Server_x86\120\DTS\Binn\;D:\Soft\apache-maven-3.5.0\apache-maven-3.5.0\bin;C:\WINDOWS\system32;C:\WINDOWS;C:\WINDOWS\System32\Wbem;C:\WINDOWS\System32\WindowsPowerShell\v1.0\;C:\WINDOWS\System32\OpenSSH\;D:\Soft\nodejs\;C:\Users\LanTian\AppData\Local\Microsoft\WindowsApps;C:\Users\LanTian\AppData\Roaming\npm;C:\Program Files (x86)\NVIDIA Corporation\PhysX\Common;D:\Soft\mysql-8.0.16-winx64\bin;D:\Soft\loadRunner12\strawberry-perl\perl\bin;C:\Program Files (x86)\Google\Chrome\Application;C:\Users\LanTian\AppData\Local\Microsoft\WindowsApps;C:\Users\LanTian\AppData\Roaming\npm;D:\Soft\Bandizip\;.]
2020-07-21 12:49:08.408  INFO 16528 --- [localhost-startStop-1] o.a.c.c.C.[Tomcat].[localhost].[/]       : Initializing Spring embedded WebApplicationContext
2020-07-21 12:49:08.408  INFO 16528 --- [localhost-startStop-1] o.s.web.context.ContextLoader            : Root WebApplicationContext: initialization completed in 3267 ms
2020-07-21 12:49:08.511  INFO 16528 --- [localhost-startStop-1] o.s.b.w.servlet.ServletRegistrationBean  : Servlet dispatcherServlet mapped to [/]
2020-07-21 12:49:08.517  INFO 16528 --- [localhost-startStop-1] o.s.b.w.servlet.FilterRegistrationBean   : Mapping filter: 'characterEncodingFilter' to: [/*]
2020-07-21 12:49:08.519  INFO 16528 --- [localhost-startStop-1] o.s.b.w.servlet.FilterRegistrationBean   : Mapping filter: 'hiddenHttpMethodFilter' to: [/*]
2020-07-21 12:49:08.519  INFO 16528 --- [localhost-startStop-1] o.s.b.w.servlet.FilterRegistrationBean   : Mapping filter: 'httpPutFormContentFilter' to: [/*]
2020-07-21 12:49:08.520  INFO 16528 --- [localhost-startStop-1] o.s.b.w.servlet.FilterRegistrationBean   : Mapping filter: 'requestContextFilter' to: [/*]
2020-07-21 12:49:09.720  INFO 16528 --- [main] s.w.s.m.m.a.RequestMappingHandlerMapping : Mapped "{[/v1/getUserInfo],methods=[POST]}" onto public java.util.List<com.tao.model.User> com.tao.controller.UserManager.getUserInfo(javax.servlet.http.HttpServletRequest,com.tao.model.User)
2020-07-21 12:49:09.722  INFO 16528 --- [main] s.w.s.m.m.a.RequestMappingHandlerMapping : Mapped "{[/v1/addUser],methods=[POST]}" onto public boolean com.tao.controller.UserManager.addUser(javax.servlet.http.HttpServletRequest,com.tao.model.User)
2020-07-21 12:49:09.723  INFO 16528 --- [main] s.w.s.m.m.a.RequestMappingHandlerMapping : Mapped "{[/v1/updateUserInfo],methods=[POST]}" onto public int com.tao.controller.UserManager.updateUser(javax.servlet.http.HttpServletRequest,com.tao.model.User)
2020-07-21 12:49:09.724  INFO 16528 --- [main] s.w.s.m.m.a.RequestMappingHandlerMapping : Mapped "{[/v1/login],methods=[POST]}" onto public java.lang.Boolean com.tao.controller.UserManager.login(javax.servlet.http.HttpServletResponse,com.tao.model.User)
2020-07-21 12:49:09.727  INFO 16528 --- [main] s.w.s.m.m.a.RequestMappingHandlerMapping : Mapped "{[/v2/api-docs],methods=[GET],produces=[application/json || application/hal+json]}" onto public org.springframework.http.ResponseEntity<springfox.documentation.spring.web.json.Json> springfox.documentation.swagger2.web.Swagger2Controller.getDocumentation(java.lang.String,javax.servlet.http.HttpServletRequest)
2020-07-21 12:49:09.735  INFO 16528 --- [main] s.w.s.m.m.a.RequestMappingHandlerMapping : Mapped "{[/swagger-resources]}" onto org.springframework.http.ResponseEntity<java.util.List<springfox.documentation.swagger.web.SwaggerResource>> springfox.documentation.swagger.web.ApiResourceController.swaggerResources()
2020-07-21 12:49:09.737  INFO 16528 --- [main] s.w.s.m.m.a.RequestMappingHandlerMapping : Mapped "{[/swagger-resources/configuration/ui]}" onto org.springframework.http.ResponseEntity<springfox.documentation.swagger.web.UiConfiguration> springfox.documentation.swagger.web.ApiResourceController.uiConfiguration()
2020-07-21 12:49:09.738  INFO 16528 --- [main] s.w.s.m.m.a.RequestMappingHandlerMapping : Mapped "{[/swagger-resources/configuration/security]}" onto org.springframework.http.ResponseEntity<springfox.documentation.swagger.web.SecurityConfiguration> springfox.documentation.swagger.web.ApiResourceController.securityConfiguration()
2020-07-21 12:49:09.748  INFO 16528 --- [main] s.w.s.m.m.a.RequestMappingHandlerMapping : Mapped "{[/error]}" onto public org.springframework.http.ResponseEntity<java.util.Map<java.lang.String, java.lang.Object>> org.springframework.boot.autoconfigure.web.servlet.error.BasicErrorController.error(javax.servlet.http.HttpServletRequest)
2020-07-21 12:49:09.753  INFO 16528 --- [main] s.w.s.m.m.a.RequestMappingHandlerMapping : Mapped "{[/error],produces=[text/html]}" onto public org.springframework.web.servlet.ModelAndView org.springframework.boot.autoconfigure.web.servlet.error.BasicErrorController.errorHtml(javax.servlet.http.HttpServletRequest,javax.servlet.http.HttpServletResponse)
2020-07-21 12:49:10.044  INFO 16528 --- [main] o.s.w.s.handler.SimpleUrlHandlerMapping  : Mapped URL path [/**/favicon.ico] onto handler of type [class org.springframework.web.servlet.resource.ResourceHttpRequestHandler]
2020-07-21 12:49:10.241  INFO 16528 --- [main] s.w.s.m.m.a.RequestMappingHandlerAdapter : Looking for @ControllerAdvice: org.springframework.boot.web.servlet.context.AnnotationConfigServletWebServerApplicationContext@6aceb1a5: startup date [Tue Jul 21 12:49:05 CST 2020]; root of context hierarchy
2020-07-21 12:49:10.329  INFO 16528 --- [main] o.s.w.s.handler.SimpleUrlHandlerMapping  : Mapped URL path [/webjars/**] onto handler of type [class org.springframework.web.servlet.resource.ResourceHttpRequestHandler]
2020-07-21 12:49:10.330  INFO 16528 --- [main] o.s.w.s.handler.SimpleUrlHandlerMapping  : Mapped URL path [/**] onto handler of type [class org.springframework.web.servlet.resource.ResourceHttpRequestHandler]
2020-07-21 12:49:10.690  INFO 16528 --- [main] o.s.j.e.a.AnnotationMBeanExporter        : Registering beans for JMX exposure on startup
2020-07-21 12:49:10.693  INFO 16528 --- [main] o.s.j.e.a.AnnotationMBeanExporter        : Bean with name 'dataSource' has been autodetected for JMX exposure
2020-07-21 12:49:10.702  INFO 16528 --- [main] o.s.j.e.a.AnnotationMBeanExporter        : Located MBean 'dataSource': registering with JMX server as MBean [com.zaxxer.hikari:name=dataSource,type=HikariDataSource]
2020-07-21 12:49:10.708  INFO 16528 --- [main] o.s.c.support.DefaultLifecycleProcessor  : Starting beans in phase 2147483647
2020-07-21 12:49:10.709  INFO 16528 --- [main] d.s.w.p.DocumentationPluginsBootstrapper : Context refreshed
2020-07-21 12:49:10.741  INFO 16528 --- [main] d.s.w.p.DocumentationPluginsBootstrapper : Found 1 custom documentation plugin(s)
2020-07-21 12:49:10.760  INFO 16528 --- [main] s.d.s.w.s.ApiListingReferenceScanner     : Scanning for api listing references
2020-07-21 12:49:11.130 ERROR 16528 --- [main] o.apache.catalina.core.StandardService   : Failed to start connector [Connector[HTTP/1.1-8888]]

org.apache.catalina.LifecycleException: Failed to start component [Connector[HTTP/1.1-8888]]
	at org.apache.catalina.util.LifecycleBase.start(LifecycleBase.java:167) ~[tomcat-embed-core-8.5.34.jar!/:8.5.34]
	at org.apache.catalina.core.StandardService.addConnector(StandardService.java:225) ~[tomcat-embed-core-8.5.34.jar!/:8.5.34]
	at org.springframework.boot.web.embedded.tomcat.TomcatWebServer.addPreviouslyRemovedConnectors(TomcatWebServer.java:261) [spring-boot-2.0.6.RELEASE.jar!/:2.0.6.RELEASE]
	at org.springframework.boot.web.embedded.tomcat.TomcatWebServer.start(TomcatWebServer.java:198) [spring-boot-2.0.6.RELEASE.jar!/:2.0.6.RELEASE]
	at org.springframework.boot.web.servlet.context.ServletWebServerApplicationContext.startWebServer(ServletWebServerApplicationContext.java:300) [spring-boot-2.0.6.RELEASE.jar!/:2.0.6.RELEASE]
	at org.springframework.boot.web.servlet.context.ServletWebServerApplicationContext.finishRefresh(ServletWebServerApplicationContext.java:162) [spring-boot-2.0.6.RELEASE.jar!/:2.0.6.RELEASE]
	at org.springframework.context.support.AbstractApplicationContext.refresh(AbstractApplicationContext.java:551) [spring-context-5.0.10.RELEASE.jar!/:5.0.10.RELEASE]
	at org.springframework.boot.web.servlet.context.ServletWebServerApplicationContext.refresh(ServletWebServerApplicationContext.java:140) [spring-boot-2.0.6.RELEASE.jar!/:2.0.6.RELEASE]
	at org.springframework.boot.SpringApplication.refresh(SpringApplication.java:754) [spring-boot-2.0.6.RELEASE.jar!/:2.0.6.RELEASE]
	at org.springframework.boot.SpringApplication.refreshContext(SpringApplication.java:386) [spring-boot-2.0.6.RELEASE.jar!/:2.0.6.RELEASE]
	at org.springframework.boot.SpringApplication.run(SpringApplication.java:307) [spring-boot-2.0.6.RELEASE.jar!/:2.0.6.RELEASE]
	at org.springframework.boot.SpringApplication.run(SpringApplication.java:1242) [spring-boot-2.0.6.RELEASE.jar!/:2.0.6.RELEASE]
	at org.springframework.boot.SpringApplication.run(SpringApplication.java:1230) [spring-boot-2.0.6.RELEASE.jar!/:2.0.6.RELEASE]
	at com.tao.SpringBootDemoApplication.main(SpringBootDemoApplication.java:14) [classes!/:1.0-SNAPSHOT]
	at sun.reflect.NativeMethodAccessorImpl.invoke0(Native Method) ~[na:1.8.0_202]
	at sun.reflect.NativeMethodAccessorImpl.invoke(NativeMethodAccessorImpl.java:62) ~[na:1.8.0_202]
	at sun.reflect.DelegatingMethodAccessorImpl.invoke(DelegatingMethodAccessorImpl.java:43) ~[na:1.8.0_202]
	at java.lang.reflect.Method.invoke(Method.java:498) ~[na:1.8.0_202]
	at org.springframework.boot.loader.MainMethodRunner.run(MainMethodRunner.java:48) [SpringBootDemo-1.0-SNAPSHOT.jar:1.0-SNAPSHOT]
	at org.springframework.boot.loader.Launcher.launch(Launcher.java:87) [SpringBootDemo-1.0-SNAPSHOT.jar:1.0-SNAPSHOT]
	at org.springframework.boot.loader.Launcher.launch(Launcher.java:50) [SpringBootDemo-1.0-SNAPSHOT.jar:1.0-SNAPSHOT]
	at org.springframework.boot.loader.JarLauncher.main(JarLauncher.java:51) [SpringBootDemo-1.0-SNAPSHOT.jar:1.0-SNAPSHOT]
Caused by: org.apache.catalina.LifecycleException: Protocol handler start failed
	at org.apache.catalina.connector.Connector.startInternal(Connector.java:1020) ~[tomcat-embed-core-8.5.34.jar!/:8.5.34]
	at org.apache.catalina.util.LifecycleBase.start(LifecycleBase.java:150) ~[tomcat-embed-core-8.5.34.jar!/:8.5.34]
	... 21 common frames omitted
Caused by: java.net.BindException: Address already in use: bind
	at sun.nio.ch.Net.bind0(Native Method) ~[na:1.8.0_202]
	at sun.nio.ch.Net.bind(Net.java:433) ~[na:1.8.0_202]
	at sun.nio.ch.Net.bind(Net.java:425) ~[na:1.8.0_202]
	at sun.nio.ch.ServerSocketChannelImpl.bind(ServerSocketChannelImpl.java:223) ~[na:1.8.0_202]
	at sun.nio.ch.ServerSocketAdaptor.bind(ServerSocketAdaptor.java:74) ~[na:1.8.0_202]
	at org.apache.tomcat.util.net.NioEndpoint.bind(NioEndpoint.java:219) ~[tomcat-embed-core-8.5.34.jar!/:8.5.34]
	at org.apache.tomcat.util.net.AbstractEndpoint.start(AbstractEndpoint.java:1151) ~[tomcat-embed-core-8.5.34.jar!/:8.5.34]
	at org.apache.coyote.AbstractProtocol.start(AbstractProtocol.java:591) ~[tomcat-embed-core-8.5.34.jar!/:8.5.34]
	at org.apache.catalina.connector.Connector.startInternal(Connector.java:1018) ~[tomcat-embed-core-8.5.34.jar!/:8.5.34]
	... 22 common frames omitted

2020-07-21 12:49:11.138  INFO 16528 --- [main] o.apache.catalina.core.StandardService   : Stopping service [Tomcat]
2020-07-21 12:49:11.170  INFO 16528 --- [main] ConditionEvaluationReportLoggingListener : 

Error starting ApplicationContext. To display the conditions report re-run your application with 'debug' enabled.
2020-07-21 12:49:11.175 ERROR 16528 --- [main] o.s.b.d.LoggingFailureAnalysisReporter   : 

***************************
APPLICATION FAILED TO START
***************************

Description:

The Tomcat connector configured to listen on port 8888 failed to start. The port may already be in use or the connector may be misconfigured.

Action:

Verify the connector's configuration, identify and stop any process that's listening on port 8888, or configure this application to listen on another port.

2020-07-21 12:49:11.177  INFO 16528 --- [main] ConfigServletWebServerApplicationContext : Closing org.springframework.boot.web.servlet.context.AnnotationConfigServletWebServerApplicationContext@6aceb1a5: startup date [Tue Jul 21 12:49:05 CST 2020]; root of context hierarchy
2020-07-21 12:49:11.181  INFO 16528 --- [main] o.s.c.support.DefaultLifecycleProcessor  : Stopping beans in phase 2147483647
2020-07-21 12:49:11.187  INFO 16528 --- [main] o.s.j.e.a.AnnotationMBeanExporter        : Unregistering JMX-exposed beans on shutdown
2020-07-21 12:49:11.189  INFO 16528 --- [main] o.s.j.e.a.AnnotationMBeanExporter        : Unregistering JMX-exposed beans
2020-07-21 12:50:25.172  INFO 17824 --- [main] com.tao.SpringBootDemoApplication        : Starting SpringBootDemoApplication v1.0-SNAPSHOT on LanTian with PID 17824 (E:\WorkSpaces\IdeaProjects\AutoInterfaceTest\AutoTest\SpringBootDemo\target\SpringBootDemo-1.0-SNAPSHOT.jar started by LanTian in E:\WorkSpaces\IdeaProjects\AutoInterfaceTest\AutoTest\SpringBootDemo\target)
2020-07-21 12:50:25.177  INFO 17824 --- [main] com.tao.SpringBootDemoApplication        : No active profile set, falling back to default profiles: default
2020-07-21 12:50:25.256  INFO 17824 --- [main] ConfigServletWebServerApplicationContext : Refreshing org.springframework.boot.web.servlet.context.AnnotationConfigServletWebServerApplicationContext@6aceb1a5: startup date [Tue Jul 21 12:50:25 CST 2020]; root of context hierarchy
2020-07-21 12:50:26.616  WARN 17824 --- [main] o.m.s.mapper.ClassPathMapperScanner      : No MyBatis mapper was found in '[com.tao]' package. Please check your configuration.
2020-07-21 12:50:27.189  INFO 17824 --- [main] trationDelegate$BeanPostProcessorChecker : Bean 'org.springframework.transaction.annotation.ProxyTransactionManagementConfiguration' of type [org.springframework.transaction.annotation.ProxyTransactionManagementConfiguration$$EnhancerBySpringCGLIB$$ac780933] is not eligible for getting processed by all BeanPostProcessors (for example: not eligible for auto-proxying)
2020-07-21 12:50:28.128  INFO 17824 --- [main] o.s.b.w.embedded.tomcat.TomcatWebServer  : Tomcat initialized with port(s): 8888 (http)
2020-07-21 12:50:28.179  INFO 17824 --- [main] o.apache.catalina.core.StandardService   : Starting service [Tomcat]
2020-07-21 12:50:28.180  INFO 17824 --- [main] org.apache.catalina.core.StandardEngine  : Starting Servlet Engine: Apache Tomcat/8.5.34
2020-07-21 12:50:28.194  INFO 17824 --- [localhost-startStop-1] o.a.catalina.core.AprLifecycleListener   : The APR based Apache Tomcat Native library which allows optimal performance in production environments was not found on the java.library.path: [C:\Program Files\Java\jdk1.8.0_202\bin;C:\WINDOWS\Sun\Java\bin;C:\WINDOWS\system32;C:\WINDOWS;C:\Program Files (x86)\Razer\ChromaBroadcast\bin;C:\Program Files\Razer\ChromaBroadcast\bin;D:\Soft\Xshell 6\;C:\Program Files\Java\jdk1.8.0_202\bin;C:\Program Files (x86)\Common Files\Oracle\Java\javapath;C:\Windows\system32;C:\Windows;C:\Windows\System32\Wbem;C:\Windows\System32\WindowsPowerShell\v1.0\;C:\Windows\System32\OpenSSH\;C:\Program Files\Microsoft SQL Server\120\DTS\Binn\;C:\Program Files\Microsoft SQL Server\Client SDK\ODBC\110\Tools\Binn\;D:\Soft\Microsoft SQL Server2014\Microsoft SQL Server_x86\120\Tools\Binn\;C:\Program Files\Microsoft SQL Server\120\Tools\Binn\;D:\Soft\Microsoft SQL Server2014\Microsoft SQL Server_x86\120\Tools\Binn\ManagementStudio\;D:\Soft\Microsoft SQL Server2014\Microsoft SQL Server_x86\120\DTS\Binn\;D:\Soft\apache-maven-3.5.0\apache-maven-3.5.0\bin;C:\WINDOWS\system32;C:\WINDOWS;C:\WINDOWS\System32\Wbem;C:\WINDOWS\System32\WindowsPowerShell\v1.0\;C:\WINDOWS\System32\OpenSSH\;D:\Soft\nodejs\;C:\Users\LanTian\AppData\Local\Microsoft\WindowsApps;C:\Users\LanTian\AppData\Roaming\npm;C:\Program Files (x86)\NVIDIA Corporation\PhysX\Common;D:\Soft\mysql-8.0.16-winx64\bin;D:\Soft\loadRunner12\strawberry-perl\perl\bin;C:\Program Files (x86)\Google\Chrome\Application;C:\Users\LanTian\AppData\Local\Microsoft\WindowsApps;C:\Users\LanTian\AppData\Roaming\npm;D:\Soft\Bandizip\;.]
2020-07-21 12:50:28.337  INFO 17824 --- [localhost-startStop-1] o.a.c.c.C.[Tomcat].[localhost].[/]       : Initializing Spring embedded WebApplicationContext
2020-07-21 12:50:28.338  INFO 17824 --- [localhost-startStop-1] o.s.web.context.ContextLoader            : Root WebApplicationContext: initialization completed in 3082 ms
2020-07-21 12:50:28.427  INFO 17824 --- [localhost-startStop-1] o.s.b.w.servlet.ServletRegistrationBean  : Servlet dispatcherServlet mapped to [/]
2020-07-21 12:50:28.432  INFO 17824 --- [localhost-startStop-1] o.s.b.w.servlet.FilterRegistrationBean   : Mapping filter: 'characterEncodingFilter' to: [/*]
2020-07-21 12:50:28.435  INFO 17824 --- [localhost-startStop-1] o.s.b.w.servlet.FilterRegistrationBean   : Mapping filter: 'hiddenHttpMethodFilter' to: [/*]
2020-07-21 12:50:28.442  INFO 17824 --- [localhost-startStop-1] o.s.b.w.servlet.FilterRegistrationBean   : Mapping filter: 'httpPutFormContentFilter' to: [/*]
2020-07-21 12:50:28.442  INFO 17824 --- [localhost-startStop-1] o.s.b.w.servlet.FilterRegistrationBean   : Mapping filter: 'requestContextFilter' to: [/*]
2020-07-21 12:50:29.591  INFO 17824 --- [main] s.w.s.m.m.a.RequestMappingHandlerMapping : Mapped "{[/v1/getUserInfo],methods=[POST]}" onto public java.util.List<com.tao.model.User> com.tao.controller.UserManager.getUserInfo(javax.servlet.http.HttpServletRequest,com.tao.model.User)
2020-07-21 12:50:29.599  INFO 17824 --- [main] s.w.s.m.m.a.RequestMappingHandlerMapping : Mapped "{[/v1/addUser],methods=[POST]}" onto public boolean com.tao.controller.UserManager.addUser(javax.servlet.http.HttpServletRequest,com.tao.model.User)
2020-07-21 12:50:29.600  INFO 17824 --- [main] s.w.s.m.m.a.RequestMappingHandlerMapping : Mapped "{[/v1/updateUserInfo],methods=[POST]}" onto public int com.tao.controller.UserManager.updateUser(javax.servlet.http.HttpServletRequest,com.tao.model.User)
2020-07-21 12:50:29.602  INFO 17824 --- [main] s.w.s.m.m.a.RequestMappingHandlerMapping : Mapped "{[/v1/login],methods=[POST]}" onto public java.lang.Boolean com.tao.controller.UserManager.login(javax.servlet.http.HttpServletResponse,com.tao.model.User)
2020-07-21 12:50:29.609  INFO 17824 --- [main] s.w.s.m.m.a.RequestMappingHandlerMapping : Mapped "{[/v2/api-docs],methods=[GET],produces=[application/json || application/hal+json]}" onto public org.springframework.http.ResponseEntity<springfox.documentation.spring.web.json.Json> springfox.documentation.swagger2.web.Swagger2Controller.getDocumentation(java.lang.String,javax.servlet.http.HttpServletRequest)
2020-07-21 12:50:29.615  INFO 17824 --- [main] s.w.s.m.m.a.RequestMappingHandlerMapping : Mapped "{[/swagger-resources/configuration/security]}" onto org.springframework.http.ResponseEntity<springfox.documentation.swagger.web.SecurityConfiguration> springfox.documentation.swagger.web.ApiResourceController.securityConfiguration()
2020-07-21 12:50:29.617  INFO 17824 --- [main] s.w.s.m.m.a.RequestMappingHandlerMapping : Mapped "{[/swagger-resources/configuration/ui]}" onto org.springframework.http.ResponseEntity<springfox.documentation.swagger.web.UiConfiguration> springfox.documentation.swagger.web.ApiResourceController.uiConfiguration()
2020-07-21 12:50:29.618  INFO 17824 --- [main] s.w.s.m.m.a.RequestMappingHandlerMapping : Mapped "{[/swagger-resources]}" onto org.springframework.http.ResponseEntity<java.util.List<springfox.documentation.swagger.web.SwaggerResource>> springfox.documentation.swagger.web.ApiResourceController.swaggerResources()
2020-07-21 12:50:29.627  INFO 17824 --- [main] s.w.s.m.m.a.RequestMappingHandlerMapping : Mapped "{[/error]}" onto public org.springframework.http.ResponseEntity<java.util.Map<java.lang.String, java.lang.Object>> org.springframework.boot.autoconfigure.web.servlet.error.BasicErrorController.error(javax.servlet.http.HttpServletRequest)
2020-07-21 12:50:29.628  INFO 17824 --- [main] s.w.s.m.m.a.RequestMappingHandlerMapping : Mapped "{[/error],produces=[text/html]}" onto public org.springframework.web.servlet.ModelAndView org.springframework.boot.autoconfigure.web.servlet.error.BasicErrorController.errorHtml(javax.servlet.http.HttpServletRequest,javax.servlet.http.HttpServletResponse)
2020-07-21 12:50:29.893  INFO 17824 --- [main] o.s.w.s.handler.SimpleUrlHandlerMapping  : Mapped URL path [/**/favicon.ico] onto handler of type [class org.springframework.web.servlet.resource.ResourceHttpRequestHandler]
2020-07-21 12:50:30.088  INFO 17824 --- [main] s.w.s.m.m.a.RequestMappingHandlerAdapter : Looking for @ControllerAdvice: org.springframework.boot.web.servlet.context.AnnotationConfigServletWebServerApplicationContext@6aceb1a5: startup date [Tue Jul 21 12:50:25 CST 2020]; root of context hierarchy
2020-07-21 12:50:30.167  INFO 17824 --- [main] o.s.w.s.handler.SimpleUrlHandlerMapping  : Mapped URL path [/webjars/**] onto handler of type [class org.springframework.web.servlet.resource.ResourceHttpRequestHandler]
2020-07-21 12:50:30.168  INFO 17824 --- [main] o.s.w.s.handler.SimpleUrlHandlerMapping  : Mapped URL path [/**] onto handler of type [class org.springframework.web.servlet.resource.ResourceHttpRequestHandler]
2020-07-21 12:50:30.504  INFO 17824 --- [main] o.s.j.e.a.AnnotationMBeanExporter        : Registering beans for JMX exposure on startup
2020-07-21 12:50:30.508  INFO 17824 --- [main] o.s.j.e.a.AnnotationMBeanExporter        : Bean with name 'dataSource' has been autodetected for JMX exposure
2020-07-21 12:50:30.515  INFO 17824 --- [main] o.s.j.e.a.AnnotationMBeanExporter        : Located MBean 'dataSource': registering with JMX server as MBean [com.zaxxer.hikari:name=dataSource,type=HikariDataSource]
2020-07-21 12:50:30.525  INFO 17824 --- [main] o.s.c.support.DefaultLifecycleProcessor  : Starting beans in phase 2147483647
2020-07-21 12:50:30.526  INFO 17824 --- [main] d.s.w.p.DocumentationPluginsBootstrapper : Context refreshed
2020-07-21 12:50:30.556  INFO 17824 --- [main] d.s.w.p.DocumentationPluginsBootstrapper : Found 1 custom documentation plugin(s)
2020-07-21 12:50:30.573  INFO 17824 --- [main] s.d.s.w.s.ApiListingReferenceScanner     : Scanning for api listing references
2020-07-21 12:50:30.954  INFO 17824 --- [main] o.s.b.w.embedded.tomcat.TomcatWebServer  : Tomcat started on port(s): 8888 (http) with context path ''
2020-07-21 12:50:30.964  INFO 17824 --- [main] com.tao.SpringBootDemoApplication        : Started SpringBootDemoApplication in 6.519 seconds (JVM running for 7.324)
2020-07-21 12:50:43.830  INFO 17824 --- [http-nio-8888-exec-1] o.a.c.c.C.[Tomcat].[localhost].[/]       : Initializing Spring FrameworkServlet 'dispatcherServlet'
2020-07-21 12:50:43.831  INFO 17824 --- [http-nio-8888-exec-1] o.s.web.servlet.DispatcherServlet        : FrameworkServlet 'dispatcherServlet': initialization started
2020-07-21 12:50:43.902  INFO 17824 --- [http-nio-8888-exec-1] o.s.web.servlet.DispatcherServlet        : FrameworkServlet 'dispatcherServlet': initialization completed in 71 ms
2020-07-21 12:50:44.139  INFO 17824 --- [http-nio-8888-exec-1] com.zaxxer.hikari.HikariDataSource       : HikariPool-1 - Starting...
2020-07-21 12:50:46.641  INFO 17824 --- [http-nio-8888-exec-1] com.zaxxer.hikari.HikariDataSource       : HikariPool-1 - Start completed.
2020-07-21 12:50:57.934  INFO 17824 --- [Thread-3] ConfigServletWebServerApplicationContext : Closing org.springframework.boot.web.servlet.context.AnnotationConfigServletWebServerApplicationContext@6aceb1a5: startup date [Tue Jul 21 12:50:25 CST 2020]; root of context hierarchy
2020-07-21 12:50:57.937  INFO 17824 --- [Thread-3] o.s.c.support.DefaultLifecycleProcessor  : Stopping beans in phase 2147483647
2020-07-21 12:50:57.939  INFO 17824 --- [Thread-3] o.s.j.e.a.AnnotationMBeanExporter        : Unregistering JMX-exposed beans on shutdown
2020-07-21 12:50:57.940  INFO 17824 --- [Thread-3] o.s.j.e.a.AnnotationMBeanExporter        : Unregistering JMX-exposed beans
2020-07-21 12:50:57.945  INFO 17824 --- [Thread-3] com.zaxxer.hikari.HikariDataSource       : HikariPool-1 - Shutdown initiated...
2020-07-21 12:50:57.974  INFO 17824 --- [Thread-3] com.zaxxer.hikari.HikariDataSource       : HikariPool-1 - Shutdown completed.
